Using pre-set license
Built from '2020.3/staging' branch; Version is '2020.3.30f1 (1fb1bf06830e) revision 2077119'; Using compiler version '192528614'; Build Type 'Release'
OS: 'Windows 10  (10.0.19044) 64bit Professional' Language: 'en' Physical Memory: 32714 MB
BatchMode: 1, IsHumanControllingUs: 0, StartBugReporterOnCrash: 0, Is64bit: 1, IsPro: 0

COMMAND LINE ARGUMENTS:
C:\Mireles\Software\Unity\2020.3.30f1\Editor\Unity.exe
-adb2
-batchMode
-noUpm
-name
AssetImportWorker0
-projectPath
C:/Mireles/Remote/Towerino/Towerino
-logFile
Logs/AssetImportWorker0.log
-srvPort
62924
Successfully changed project path to: C:/Mireles/Remote/Towerino/Towerino
C:/Mireles/Remote/Towerino/Towerino
Using Asset Import Pipeline V2.
Refreshing native plugins compatible for Editor in 59.14 ms, found 3 plugins.
Preloading 0 native plugins for Editor in 0.00 ms.
Initialize engine version: 2020.3.30f1 (1fb1bf06830e)
[Subsystems] Discovering subsystems at path C:/Mireles/Software/Unity/2020.3.30f1/Editor/Data/Resources/UnitySubsystems
[Subsystems] Discovering subsystems at path C:/Mireles/Remote/Towerino/Towerino/Assets
GfxDevice: creating device client; threaded=0
Direct3D:
    Version:  Direct3D 11.0 [level 11.1]
    Renderer: Radeon RX 580 Series (ID=0x67df)
    Vendor:   
    VRAM:     8170 MB
    Driver:   30.0.15021.1001
Initialize mono
Mono path[0] = 'C:/Mireles/Software/Unity/2020.3.30f1/Editor/Data/Managed'
Mono path[1] = 'C:/Mireles/Software/Unity/2020.3.30f1/Editor/Data/MonoBleedingEdge/lib/mono/unityjit'
Mono config path = 'C:/Mireles/Software/Unity/2020.3.30f1/Editor/Data/MonoBleedingEdge/etc'
Using monoOptions --debugger-agent=transport=dt_socket,embedding=1,server=y,suspend=n,address=127.0.0.1:56008
Begin MonoManager ReloadAssembly
Registering precompiled unity dll's ...
Register platform support module: C:/Mireles/Software/Unity/2020.3.30f1/Editor/Data/PlaybackEngines/WindowsStandaloneSupport/UnityEditor.WindowsStandalone.Extensions.dll
Registered in 0.002515 seconds.
Native extension for WindowsStandalone target not found
Refreshing native plugins compatible for Editor in 58.37 ms, found 3 plugins.
Preloading 0 native plugins for Editor in 0.00 ms.
Mono: successfully reloaded assembly
- Completed reload, in  0.698 seconds
Domain Reload Profiling:
	ReloadAssembly (699ms)
		BeginReloadAssembly (75ms)
			ExecutionOrderSort (0ms)
			DisableScriptedObjects (0ms)
			BackupInstance (0ms)
			ReleaseScriptingObjects (0ms)
			CreateAndSetChildDomain (1ms)
		EndReloadAssembly (536ms)
			LoadAssemblies (72ms)
			RebuildTransferFunctionScriptingTraits (0ms)
			SetupTypeCache (173ms)
			ReleaseScriptCaches (0ms)
			RebuildScriptCaches (34ms)
			SetupLoadedEditorAssemblies (209ms)
				LogAssemblyErrors (0ms)
				InitializePlatformSupportModulesInManaged (7ms)
				SetLoadedEditorAssemblies (0ms)
				RefreshPlugins (58ms)
				BeforeProcessingInitializeOnLoad (16ms)
				ProcessInitializeOnLoadAttributes (93ms)
				ProcessInitializeOnLoadMethodAttributes (33ms)
				AfterProcessingInitializeOnLoad (0ms)
				EditorAssembliesLoaded (0ms)
			ExecutionOrderSort2 (0ms)
			AwakeInstancesAfterBackupRestoration (0ms)
Platform modules already initialized, skipping
Registering precompiled user dll's ...
Registered in 0.002593 seconds.
Begin MonoManager ReloadAssembly
Native extension for WindowsStandalone target not found
Refreshing native plugins compatible for Editor in 60.54 ms, found 3 plugins.
Preloading 0 native plugins for Editor in 0.00 ms.
Mono: successfully reloaded assembly
- Completed reload, in  1.110 seconds
Domain Reload Profiling:
	ReloadAssembly (1111ms)
		BeginReloadAssembly (176ms)
			ExecutionOrderSort (0ms)
			DisableScriptedObjects (6ms)
			BackupInstance (0ms)
			ReleaseScriptingObjects (0ms)
			CreateAndSetChildDomain (21ms)
		EndReloadAssembly (862ms)
			LoadAssemblies (114ms)
			RebuildTransferFunctionScriptingTraits (0ms)
			SetupTypeCache (265ms)
			ReleaseScriptCaches (1ms)
			RebuildScriptCaches (56ms)
			SetupLoadedEditorAssemblies (297ms)
				LogAssemblyErrors (0ms)
				InitializePlatformSupportModulesInManaged (4ms)
				SetLoadedEditorAssemblies (0ms)
				RefreshPlugins (61ms)
				BeforeProcessingInitializeOnLoad (101ms)
				ProcessInitializeOnLoadAttributes (116ms)
				ProcessInitializeOnLoadMethodAttributes (7ms)
				AfterProcessingInitializeOnLoad (8ms)
				EditorAssembliesLoaded (0ms)
			ExecutionOrderSort2 (0ms)
			AwakeInstancesAfterBackupRestoration (8ms)
Platform modules already initialized, skipping
========================================================================
Worker process is ready to serve import requests
Launched and connected shader compiler UnityShaderCompiler.exe after 0.05 seconds
Refreshing native plugins compatible for Editor in 0.61 ms, found 3 plugins.
Preloading 0 native plugins for Editor in 0.00 ms.
Unloading 2652 Unused Serialized files (Serialized files now loaded: 0)
System memory in use before: 129.8 MB.
System memory in use after: 130.0 MB.

Unloading 17 unused Assets to reduce memory usage. Loaded Objects now: 3090.
Total: 3.440800 ms (FindLiveObjects: 0.287700 ms CreateObjectMapping: 0.072900 ms MarkObjects: 2.983400 ms  DeleteObjects: 0.095400 ms)

AssetImportParameters requested are different than current active one (requested -> active):
  custom:framework-win-MediaFoundation: 216162199b28c13a410421893ffa2e32 -> 
  custom:video-decoder-ogg-theora: a1e56fd34408186e4bbccfd4996cb3dc -> 
  custom:container-muxer-webm: aa71ff27fc2769a1b78a27578f13a17b -> 
  custom:container-demuxer-webm: 4f35f7cbe854078d1ac9338744f61a02 -> 
  custom:container-demuxer-ogg: 62fdf1f143b41e24485cea50d1cbac27 -> 
  custom:video-encoder-webm-vp8: eb34c28f22e8b96e1ab97ce403110664 -> 
  custom:video-decoder-webm-vp8: 9c59270c3fd7afecdb556c50c9e8de78 -> 
  custom:audio-decoder-ogg-vorbis: bf7c407c2cedff20999df2af8eb42d56 -> 
  custom:audio-encoder-webm-vorbis: bf7c407c2cedff20999df2af8eb42d56 -> 
========================================================================
Received Import Request.
  path: Assets/Scripts/GameUtils.cs
  artifactKey: Guid(6d9afd32989fe5e4eb65a260b790b3e8) Importer(815301076,1909f56bfc062723c751e8b465ee728b)
Start importing Assets/Scripts/GameUtils.cs using Guid(6d9afd32989fe5e4eb65a260b790b3e8) Importer(815301076,1909f56bfc062723c751e8b465ee728b)  -> (artifact id: '81e700657560543827d8f4ed65a9ffa0') in 0.072054 seconds 
========================================================================
Received Import Request.
  Time since last request: 38.655646 seconds.
  path: Assets/Scenes/Game.unity
  artifactKey: Guid(349bdcd4ad1330b4b9d3465a4d99a758) Importer(815301076,1909f56bfc062723c751e8b465ee728b)
Start importing Assets/Scenes/Game.unity using Guid(349bdcd4ad1330b4b9d3465a4d99a758) Importer(815301076,1909f56bfc062723c751e8b465ee728b)  -> (artifact id: 'a4fc6cf4200e1bc49c32b350416fbcb3') in 0.021000 seconds 
========================================================================
Received Import Request.
  Time since last request: 5.341592 seconds.
  path: Assets/Scenes/Menu.unity
  artifactKey: Guid(7870437aafd2cd44fb57119ed8a9b9d1) Importer(815301076,1909f56bfc062723c751e8b465ee728b)
Start importing Assets/Scenes/Menu.unity using Guid(7870437aafd2cd44fb57119ed8a9b9d1) Importer(815301076,1909f56bfc062723c751e8b465ee728b)  -> (artifact id: '748ac6cbdf6f51e8737ee8887c485e4b') in 0.007579 seconds 
========================================================================
Received Import Request.
  Time since last request: 38.776558 seconds.
  path: Assets/Scenes/Levels/Level1.unity
  artifactKey: Guid(9fc0d4010bbf28b4594072e72b8655ab) Importer(815301076,1909f56bfc062723c751e8b465ee728b)
Start importing Assets/Scenes/Levels/Level1.unity using Guid(9fc0d4010bbf28b4594072e72b8655ab) Importer(815301076,1909f56bfc062723c751e8b465ee728b)  -> (artifact id: '98943794ce2b078ecda97768a960a1bb') in 0.007483 seconds 
========================================================================
Received Import Request.
  Time since last request: 1.398499 seconds.
  path: Assets/Scenes/Levels/Level2.unity
  artifactKey: Guid(21b449690f7239c4591e5cdecbafcbe4) Importer(815301076,1909f56bfc062723c751e8b465ee728b)
Start importing Assets/Scenes/Levels/Level2.unity using Guid(21b449690f7239c4591e5cdecbafcbe4) Importer(815301076,1909f56bfc062723c751e8b465ee728b)  -> (artifact id: '6449004433d72af4348c20ff1c6db946') in 0.007424 seconds 
========================================================================
Received Import Request.
  Time since last request: 1.353916 seconds.
  path: Assets/Scenes/Levels/Level3.unity
  artifactKey: Guid(821a1525184ce3e4c8a22ce259bb6127) Importer(815301076,1909f56bfc062723c751e8b465ee728b)
Start importing Assets/Scenes/Levels/Level3.unity using Guid(821a1525184ce3e4c8a22ce259bb6127) Importer(815301076,1909f56bfc062723c751e8b465ee728b)  -> (artifact id: '6559b41f02e4abef11bf3d7c04ae9c70') in 0.008193 seconds 
========================================================================
Received Import Request.
  Time since last request: 6.054045 seconds.
  path: Assets/Prefabs/Enemies/Queen.prefab
  artifactKey: Guid(e381c0b3ad3454147bdc56d5e9b1b139) Importer(815301076,1909f56bfc062723c751e8b465ee728b)
Start importing Assets/Prefabs/Enemies/Queen.prefab using Guid(e381c0b3ad3454147bdc56d5e9b1b139) Importer(815301076,1909f56bfc062723c751e8b465ee728b)  -> (artifact id: '7f368fb02125e8f5aceed4d0557842f2') in 0.590957 seconds 
========================================================================
Received Import Request.
  Time since last request: 1.995223 seconds.
  path: Assets/Prefabs/Enemies/Squire.prefab
  artifactKey: Guid(5050056d65b575f4380da60ad0d7b19e) Importer(815301076,1909f56bfc062723c751e8b465ee728b)
Start importing Assets/Prefabs/Enemies/Squire.prefab using Guid(5050056d65b575f4380da60ad0d7b19e) Importer(815301076,1909f56bfc062723c751e8b465ee728b)  -> (artifact id: '8e5a3d4ab82f6aafd32527326b552849') in 0.020738 seconds 
========================================================================
Received Import Request.
  Time since last request: 0.902654 seconds.
  path: Assets/Prefabs/Enemies/Warrior.prefab
  artifactKey: Guid(2d60a91274882e64090ad78e9265cc36) Importer(815301076,1909f56bfc062723c751e8b465ee728b)
Start importing Assets/Prefabs/Enemies/Warrior.prefab using Guid(2d60a91274882e64090ad78e9265cc36) Importer(815301076,1909f56bfc062723c751e8b465ee728b)  -> (artifact id: '35d67f385b3d8c140c9eeb6d7bde09f9') in 0.016273 seconds 
========================================================================
Received Import Request.
  Time since last request: 2.476616 seconds.
  path: Assets/Prefabs/Projectiles/Ballista.prefab
  artifactKey: Guid(49a835aa8d2f29c43ba739d116ab4e86) Importer(815301076,1909f56bfc062723c751e8b465ee728b)
Start importing Assets/Prefabs/Projectiles/Ballista.prefab using Guid(49a835aa8d2f29c43ba739d116ab4e86) Importer(815301076,1909f56bfc062723c751e8b465ee728b)  -> (artifact id: '08684a5a533a0871bfb1e07531bfce31') in 0.361108 seconds 
========================================================================
Received Import Request.
  Time since last request: 1.207683 seconds.
  path: Assets/Prefabs/Projectiles/CannonBall.prefab
  artifactKey: Guid(9243367c00fd2234bb6dcb4ba9110f1c) Importer(815301076,1909f56bfc062723c751e8b465ee728b)
Start importing Assets/Prefabs/Projectiles/CannonBall.prefab using Guid(9243367c00fd2234bb6dcb4ba9110f1c) Importer(815301076,1909f56bfc062723c751e8b465ee728b)  -> (artifact id: '782a19cfab49c567917953f2415461ad') in 0.017877 seconds 
========================================================================
Received Import Request.
  Time since last request: 0.910341 seconds.
  path: Assets/Prefabs/Projectiles/FireBomb.prefab
  artifactKey: Guid(e93ea47ce1262364398b66432546d8e7) Importer(815301076,1909f56bfc062723c751e8b465ee728b)
Start importing Assets/Prefabs/Projectiles/FireBomb.prefab using Guid(e93ea47ce1262364398b66432546d8e7) Importer(815301076,1909f56bfc062723c751e8b465ee728b)  -> (artifact id: 'cb6a4ed96b7445254b519675bdd876a3') in 0.018696 seconds 
========================================================================
Received Import Request.
  Time since last request: 2.551704 seconds.
  path: Assets/Prefabs/Props/HitParticle.prefab
  artifactKey: Guid(f5e29b718c7600940836a10e5d753312) Importer(815301076,1909f56bfc062723c751e8b465ee728b)
Start importing Assets/Prefabs/Props/HitParticle.prefab using Guid(f5e29b718c7600940836a10e5d753312) Importer(815301076,1909f56bfc062723c751e8b465ee728b)  -> (artifact id: '4fb77f5ffb9acf4085671802065cf496') in 0.013834 seconds 
========================================================================
Received Import Request.
  Time since last request: 0.019184 seconds.
  path: Assets/Materials/UI_FX/ProjectileHit.mat
  artifactKey: Guid(a3c6f0e4559822349b8b530344f4b06f) Importer(815301076,1909f56bfc062723c751e8b465ee728b)
Start importing Assets/Materials/UI_FX/ProjectileHit.mat using Guid(a3c6f0e4559822349b8b530344f4b06f) Importer(815301076,1909f56bfc062723c751e8b465ee728b)  -> (artifact id: 'e2ed392ebf04c571809e077da3cc0512') in 0.028838 seconds 
========================================================================
Received Import Request.
  Time since last request: 0.939369 seconds.
  path: Assets/Prefabs/Props/HitParticleBomb.prefab
  artifactKey: Guid(27f14dcb9b7f8054cad7b11864bee375) Importer(815301076,1909f56bfc062723c751e8b465ee728b)
Start importing Assets/Prefabs/Props/HitParticleBomb.prefab using Guid(27f14dcb9b7f8054cad7b11864bee375) Importer(815301076,1909f56bfc062723c751e8b465ee728b)  -> (artifact id: '3a5716960b38113c89c24ad197bdce8e') in 0.016547 seconds 
========================================================================
Received Import Request.
  Time since last request: 1.861493 seconds.
  path: Assets/Prefabs/Props/ScenarioGoal.prefab
  artifactKey: Guid(2bd6401c0a219a049b5a1461e297497e) Importer(815301076,1909f56bfc062723c751e8b465ee728b)
Start importing Assets/Prefabs/Props/ScenarioGoal.prefab using Guid(2bd6401c0a219a049b5a1461e297497e) Importer(815301076,1909f56bfc062723c751e8b465ee728b)  -> (artifact id: '791d81e8be48069bad949f4e1246e691') in 0.021137 seconds 
========================================================================
Received Import Request.
  Time since last request: 1.008483 seconds.
  path: Assets/Prefabs/Props/Rock.prefab
  artifactKey: Guid(2f92feedf3a57b84cb972131dc81d324) Importer(815301076,1909f56bfc062723c751e8b465ee728b)
Start importing Assets/Prefabs/Props/Rock.prefab using Guid(2f92feedf3a57b84cb972131dc81d324) Importer(815301076,1909f56bfc062723c751e8b465ee728b)  -> (artifact id: 'ec653a168bc908694153bebb229f0e71') in 0.263284 seconds 
========================================================================
Received Import Request.
  Time since last request: 1.169091 seconds.
  path: Assets/Prefabs/Props/Tree.prefab
  artifactKey: Guid(281968394be78ed4a83a1f8f17b4f1e0) Importer(815301076,1909f56bfc062723c751e8b465ee728b)
Start importing Assets/Prefabs/Props/Tree.prefab using Guid(281968394be78ed4a83a1f8f17b4f1e0) Importer(815301076,1909f56bfc062723c751e8b465ee728b)  -> (artifact id: '361f8e954f18a8ba27baaba62b3a0c08') in 0.017037 seconds 
========================================================================
Received Import Request.
  Time since last request: 6.021035 seconds.
  path: Assets/Prefabs/Towers/BallistaTower.prefab
  artifactKey: Guid(cf8707875c1f45343aed1d94391a9cf9) Importer(815301076,1909f56bfc062723c751e8b465ee728b)
Start importing Assets/Prefabs/Towers/BallistaTower.prefab using Guid(cf8707875c1f45343aed1d94391a9cf9) Importer(815301076,1909f56bfc062723c751e8b465ee728b)  -> (artifact id: '46d83dd3644eeec828c5f4663af1f103') in 0.026573 seconds 
========================================================================
Received Import Request.
  Time since last request: 1.167063 seconds.
  path: Assets/Prefabs/Towers/CannonTower.prefab
  artifactKey: Guid(6a706cd1d3a745f429f85fad4b7b2d6b) Importer(815301076,1909f56bfc062723c751e8b465ee728b)
Start importing Assets/Prefabs/Towers/CannonTower.prefab using Guid(6a706cd1d3a745f429f85fad4b7b2d6b) Importer(815301076,1909f56bfc062723c751e8b465ee728b)  -> (artifact id: '91d7cb77aeb113f8d3818abbfa887c4e') in 0.018357 seconds 
========================================================================
Received Import Request.
  Time since last request: 1.410605 seconds.
  path: Assets/Prefabs/Towers/FireBombTower.prefab
  artifactKey: Guid(6ce02dd1d299ace4db3347424c12c00e) Importer(815301076,1909f56bfc062723c751e8b465ee728b)
Start importing Assets/Prefabs/Towers/FireBombTower.prefab using Guid(6ce02dd1d299ace4db3347424c12c00e) Importer(815301076,1909f56bfc062723c751e8b465ee728b)  -> (artifact id: '1021f7326dc07052f68a11622e974fc2') in 0.041691 seconds 
========================================================================
Received Import Request.
  Time since last request: 0.955444 seconds.
  path: Assets/Prefabs/Towers/TowerBase.prefab
  artifactKey: Guid(3ff7bc50d414f3a40af08ff7953504b6) Importer(815301076,1909f56bfc062723c751e8b465ee728b)
Start importing Assets/Prefabs/Towers/TowerBase.prefab using Guid(3ff7bc50d414f3a40af08ff7953504b6) Importer(815301076,1909f56bfc062723c751e8b465ee728b)  -> (artifact id: 'ece378063fb2288e4b8323062e5fd275') in 0.019044 seconds 
========================================================================
Received Import Request.
  Time since last request: 21.890634 seconds.
  path: Assets/Scripts/SceneManagers/LevelController.cs
  artifactKey: Guid(3a3d8e28ae81b8143ab6877e42d40050) Importer(815301076,1909f56bfc062723c751e8b465ee728b)
Start importing Assets/Scripts/SceneManagers/LevelController.cs using Guid(3a3d8e28ae81b8143ab6877e42d40050) Importer(815301076,1909f56bfc062723c751e8b465ee728b)  -> (artifact id: 'a3979701a68fb8fa004e4e7b10c9649a') in 0.005642 seconds 
========================================================================
Received Prepare
Registering precompiled user dll's ...
Registered in 0.002477 seconds.
Begin MonoManager ReloadAssembly
Native extension for WindowsStandalone target not found
Refreshing native plugins compatible for Editor in 1.56 ms, found 3 plugins.
Preloading 0 native plugins for Editor in 0.00 ms.
Mono: successfully reloaded assembly
- Completed reload, in  1.265 seconds
Domain Reload Profiling:
	ReloadAssembly (1265ms)
		BeginReloadAssembly (145ms)
			ExecutionOrderSort (0ms)
			DisableScriptedObjects (7ms)
			BackupInstance (0ms)
			ReleaseScriptingObjects (0ms)
			CreateAndSetChildDomain (33ms)
		EndReloadAssembly (1046ms)
			LoadAssemblies (110ms)
			RebuildTransferFunctionScriptingTraits (0ms)
			SetupTypeCache (266ms)
			ReleaseScriptCaches (2ms)
			RebuildScriptCaches (72ms)
			SetupLoadedEditorAssemblies (366ms)
				LogAssemblyErrors (0ms)
				InitializePlatformSupportModulesInManaged (16ms)
				SetLoadedEditorAssemblies (2ms)
				RefreshPlugins (2ms)
				BeforeProcessingInitializeOnLoad (126ms)
				ProcessInitializeOnLoadAttributes (201ms)
				ProcessInitializeOnLoadMethodAttributes (6ms)
				AfterProcessingInitializeOnLoad (13ms)
				EditorAssembliesLoaded (0ms)
			ExecutionOrderSort2 (0ms)
			AwakeInstancesAfterBackupRestoration (71ms)
Platform modules already initialized, skipping
Refreshing native plugins compatible for Editor in 0.84 ms, found 3 plugins.
Preloading 0 native plugins for Editor in 0.00 ms.
Unloading 2500 Unused Serialized files (Serialized files now loaded: 0)
System memory in use before: 125.4 MB.
System memory in use after: 125.7 MB.

Unloading 13 unused Assets to reduce memory usage. Loaded Objects now: 3181.
Total: 3.702800 ms (FindLiveObjects: 0.295500 ms CreateObjectMapping: 0.076700 ms MarkObjects: 3.267200 ms  DeleteObjects: 0.062300 ms)

AssetImportParameters requested are different than current active one (requested -> active):
  custom:framework-win-MediaFoundation: 216162199b28c13a410421893ffa2e32 -> 
  custom:video-decoder-ogg-theora: a1e56fd34408186e4bbccfd4996cb3dc -> 
  custom:container-muxer-webm: aa71ff27fc2769a1b78a27578f13a17b -> 
  custom:container-demuxer-webm: 4f35f7cbe854078d1ac9338744f61a02 -> 
  custom:container-demuxer-ogg: 62fdf1f143b41e24485cea50d1cbac27 -> 
  custom:video-encoder-webm-vp8: eb34c28f22e8b96e1ab97ce403110664 -> 
  custom:video-decoder-webm-vp8: 9c59270c3fd7afecdb556c50c9e8de78 -> 
  custom:audio-decoder-ogg-vorbis: bf7c407c2cedff20999df2af8eb42d56 -> 
  custom:audio-encoder-webm-vorbis: bf7c407c2cedff20999df2af8eb42d56 -> 
========================================================================
Received Import Request.
  Time since last request: 9.011559 seconds.
  path: Assets/Scripts/SceneManagers/GameController.cs
  artifactKey: Guid(1ff0bfb32d4d62143aa5158b6b951dfe) Importer(815301076,1909f56bfc062723c751e8b465ee728b)
Start importing Assets/Scripts/SceneManagers/GameController.cs using Guid(1ff0bfb32d4d62143aa5158b6b951dfe) Importer(815301076,1909f56bfc062723c751e8b465ee728b)  -> (artifact id: 'fdd1c80b629036326b2191fe6c98bb4f') in 0.013978 seconds 
========================================================================
Received Import Request.
  Time since last request: 5.884148 seconds.
  path: Assets/Scripts/PoolingSystem.cs
  artifactKey: Guid(727566ab26c96494aad783a665f6a76d) Importer(815301076,1909f56bfc062723c751e8b465ee728b)
Start importing Assets/Scripts/PoolingSystem.cs using Guid(727566ab26c96494aad783a665f6a76d) Importer(815301076,1909f56bfc062723c751e8b465ee728b)  -> (artifact id: 'd7286d8c4e674d245f1c430ee691a0d2') in 0.006184 seconds 
========================================================================
Received Import Request.
  Time since last request: 12.270155 seconds.
  path: Assets/Scripts/Level/Actors/EnemyController.cs
  artifactKey: Guid(fb4434ab956df1c429bf5fda26ccbdea) Importer(815301076,1909f56bfc062723c751e8b465ee728b)
Start importing Assets/Scripts/Level/Actors/EnemyController.cs using Guid(fb4434ab956df1c429bf5fda26ccbdea) Importer(815301076,1909f56bfc062723c751e8b465ee728b)  -> (artifact id: '39b4877f4c28981fc70019abaf6462c5') in 0.007326 seconds 
========================================================================
Received Import Request.
  Time since last request: 75.261721 seconds.
  path: Assets/Scripts/Level/Actors/EnemyController.cs
  artifactKey: Guid(fb4434ab956df1c429bf5fda26ccbdea) Importer(815301076,1909f56bfc062723c751e8b465ee728b)
Start importing Assets/Scripts/Level/Actors/EnemyController.cs using Guid(fb4434ab956df1c429bf5fda26ccbdea) Importer(815301076,1909f56bfc062723c751e8b465ee728b)  -> (artifact id: '8f3dacab2d399b69b55857879e915910') in 0.002590 seconds 
========================================================================
Received Import Request.
  Time since last request: 130.169217 seconds.
  path: Assets/Scripts/Level/Actors/EnemyController.cs
  artifactKey: Guid(fb4434ab956df1c429bf5fda26ccbdea) Importer(815301076,1909f56bfc062723c751e8b465ee728b)
Start importing Assets/Scripts/Level/Actors/EnemyController.cs using Guid(fb4434ab956df1c429bf5fda26ccbdea) Importer(815301076,1909f56bfc062723c751e8b465ee728b)  -> (artifact id: '0321c73933796bec1a121cbe0e283dbd') in 0.002525 seconds 
========================================================================
Received Import Request.
  Time since last request: 93.654949 seconds.
  path: Assets/Scripts/Level/Actors/EnemyController.cs
  artifactKey: Guid(fb4434ab956df1c429bf5fda26ccbdea) Importer(815301076,1909f56bfc062723c751e8b465ee728b)
Start importing Assets/Scripts/Level/Actors/EnemyController.cs using Guid(fb4434ab956df1c429bf5fda26ccbdea) Importer(815301076,1909f56bfc062723c751e8b465ee728b)  -> (artifact id: '1a36a2035cb19b8b1b3e4426ec6d7f6c') in 0.002409 seconds 
========================================================================
Received Prepare
Registering precompiled user dll's ...
Registered in 0.002463 seconds.
Begin MonoManager ReloadAssembly
Native extension for WindowsStandalone target not found
Refreshing native plugins compatible for Editor in 0.56 ms, found 3 plugins.
Preloading 0 native plugins for Editor in 0.00 ms.
Mono: successfully reloaded assembly
- Completed reload, in  0.981 seconds
Domain Reload Profiling:
	ReloadAssembly (982ms)
		BeginReloadAssembly (119ms)
			ExecutionOrderSort (0ms)
			DisableScriptedObjects (6ms)
			BackupInstance (0ms)
			ReleaseScriptingObjects (0ms)
			CreateAndSetChildDomain (29ms)
		EndReloadAssembly (790ms)
			LoadAssemblies (106ms)
			RebuildTransferFunctionScriptingTraits (0ms)
			SetupTypeCache (252ms)
			ReleaseScriptCaches (1ms)
			RebuildScriptCaches (43ms)
			SetupLoadedEditorAssemblies (241ms)
				LogAssemblyErrors (0ms)
				InitializePlatformSupportModulesInManaged (4ms)
				SetLoadedEditorAssemblies (1ms)
				RefreshPlugins (1ms)
				BeforeProcessingInitializeOnLoad (96ms)
				ProcessInitializeOnLoadAttributes (126ms)
				ProcessInitializeOnLoadMethodAttributes (6ms)
				AfterProcessingInitializeOnLoad (8ms)
				EditorAssembliesLoaded (0ms)
			ExecutionOrderSort2 (0ms)
			AwakeInstancesAfterBackupRestoration (21ms)
Platform modules already initialized, skipping
Refreshing native plugins compatible for Editor in 0.56 ms, found 3 plugins.
Preloading 0 native plugins for Editor in 0.00 ms.
Unloading 2497 Unused Serialized files (Serialized files now loaded: 0)
System memory in use before: 125.1 MB.
System memory in use after: 125.4 MB.

Unloading 12 unused Assets to reduce memory usage. Loaded Objects now: 3184.
Total: 3.427100 ms (FindLiveObjects: 0.261800 ms CreateObjectMapping: 0.077800 ms MarkObjects: 3.060000 ms  DeleteObjects: 0.026300 ms)

AssetImportParameters requested are different than current active one (requested -> active):
  custom:framework-win-MediaFoundation: 216162199b28c13a410421893ffa2e32 -> 
  custom:video-decoder-ogg-theora: a1e56fd34408186e4bbccfd4996cb3dc -> 
  custom:container-muxer-webm: aa71ff27fc2769a1b78a27578f13a17b -> 
  custom:container-demuxer-webm: 4f35f7cbe854078d1ac9338744f61a02 -> 
  custom:container-demuxer-ogg: 62fdf1f143b41e24485cea50d1cbac27 -> 
  custom:video-encoder-webm-vp8: eb34c28f22e8b96e1ab97ce403110664 -> 
  custom:video-decoder-webm-vp8: 9c59270c3fd7afecdb556c50c9e8de78 -> 
  custom:audio-decoder-ogg-vorbis: bf7c407c2cedff20999df2af8eb42d56 -> 
  custom:audio-encoder-webm-vorbis: bf7c407c2cedff20999df2af8eb42d56 -> 
========================================================================
Received Prepare
Registering precompiled user dll's ...
Registered in 0.002446 seconds.
Begin MonoManager ReloadAssembly
Native extension for WindowsStandalone target not found
Refreshing native plugins compatible for Editor in 0.55 ms, found 3 plugins.
Preloading 0 native plugins for Editor in 0.00 ms.
Mono: successfully reloaded assembly
- Completed reload, in  0.984 seconds
Domain Reload Profiling:
	ReloadAssembly (985ms)
		BeginReloadAssembly (117ms)
			ExecutionOrderSort (0ms)
			DisableScriptedObjects (6ms)
			BackupInstance (0ms)
			ReleaseScriptingObjects (0ms)
			CreateAndSetChildDomain (27ms)
		EndReloadAssembly (796ms)
			LoadAssemblies (108ms)
			RebuildTransferFunctionScriptingTraits (0ms)
			SetupTypeCache (247ms)
			ReleaseScriptCaches (1ms)
			RebuildScriptCaches (45ms)
			SetupLoadedEditorAssemblies (242ms)
				LogAssemblyErrors (0ms)
				InitializePlatformSupportModulesInManaged (4ms)
				SetLoadedEditorAssemblies (1ms)
				RefreshPlugins (1ms)
				BeforeProcessingInitializeOnLoad (97ms)
				ProcessInitializeOnLoadAttributes (126ms)
				ProcessInitializeOnLoadMethodAttributes (6ms)
				AfterProcessingInitializeOnLoad (8ms)
				EditorAssembliesLoaded (0ms)
			ExecutionOrderSort2 (0ms)
			AwakeInstancesAfterBackupRestoration (21ms)
Platform modules already initialized, skipping
Refreshing native plugins compatible for Editor in 0.63 ms, found 3 plugins.
Preloading 0 native plugins for Editor in 0.00 ms.
Unloading 2497 Unused Serialized files (Serialized files now loaded: 0)
System memory in use before: 125.2 MB.
System memory in use after: 125.4 MB.

Unloading 12 unused Assets to reduce memory usage. Loaded Objects now: 3187.
Total: 3.681500 ms (FindLiveObjects: 0.283800 ms CreateObjectMapping: 0.078600 ms MarkObjects: 3.283000 ms  DeleteObjects: 0.034400 ms)

AssetImportParameters requested are different than current active one (requested -> active):
  custom:framework-win-MediaFoundation: 216162199b28c13a410421893ffa2e32 -> 
  custom:video-decoder-ogg-theora: a1e56fd34408186e4bbccfd4996cb3dc -> 
  custom:container-muxer-webm: aa71ff27fc2769a1b78a27578f13a17b -> 
  custom:container-demuxer-webm: 4f35f7cbe854078d1ac9338744f61a02 -> 
  custom:container-demuxer-ogg: 62fdf1f143b41e24485cea50d1cbac27 -> 
  custom:video-encoder-webm-vp8: eb34c28f22e8b96e1ab97ce403110664 -> 
  custom:video-decoder-webm-vp8: 9c59270c3fd7afecdb556c50c9e8de78 -> 
  custom:audio-decoder-ogg-vorbis: bf7c407c2cedff20999df2af8eb42d56 -> 
  custom:audio-encoder-webm-vorbis: bf7c407c2cedff20999df2af8eb42d56 -> 
========================================================================
Received Import Request.
  Time since last request: 116.576834 seconds.
  path: Assets/Scripts/Level/Actors/EnemyController.cs
  artifactKey: Guid(fb4434ab956df1c429bf5fda26ccbdea) Importer(815301076,1909f56bfc062723c751e8b465ee728b)
Start importing Assets/Scripts/Level/Actors/EnemyController.cs using Guid(fb4434ab956df1c429bf5fda26ccbdea) Importer(815301076,1909f56bfc062723c751e8b465ee728b)  -> (artifact id: '943f7894b2eaaa16cfedcc56c5024bab') in 0.006792 seconds 
========================================================================
Received Prepare
Registering precompiled user dll's ...
Registered in 0.002529 seconds.
Begin MonoManager ReloadAssembly
Native extension for WindowsStandalone target not found
Refreshing native plugins compatible for Editor in 0.54 ms, found 3 plugins.
Preloading 0 native plugins for Editor in 0.00 ms.
Mono: successfully reloaded assembly
- Completed reload, in  0.986 seconds
Domain Reload Profiling:
	ReloadAssembly (986ms)
		BeginReloadAssembly (115ms)
			ExecutionOrderSort (0ms)
			DisableScriptedObjects (6ms)
			BackupInstance (0ms)
			ReleaseScriptingObjects (0ms)
			CreateAndSetChildDomain (26ms)
		EndReloadAssembly (795ms)
			LoadAssemblies (108ms)
			RebuildTransferFunctionScriptingTraits (0ms)
			SetupTypeCache (253ms)
			ReleaseScriptCaches (1ms)
			RebuildScriptCaches (43ms)
			SetupLoadedEditorAssemblies (240ms)
				LogAssemblyErrors (0ms)
				InitializePlatformSupportModulesInManaged (4ms)
				SetLoadedEditorAssemblies (1ms)
				RefreshPlugins (1ms)
				BeforeProcessingInitializeOnLoad (95ms)
				ProcessInitializeOnLoadAttributes (125ms)
				ProcessInitializeOnLoadMethodAttributes (6ms)
				AfterProcessingInitializeOnLoad (9ms)
				EditorAssembliesLoaded (0ms)
			ExecutionOrderSort2 (0ms)
			AwakeInstancesAfterBackupRestoration (21ms)
Platform modules already initialized, skipping
Refreshing native plugins compatible for Editor in 0.54 ms, found 3 plugins.
Preloading 0 native plugins for Editor in 0.00 ms.
Unloading 2497 Unused Serialized files (Serialized files now loaded: 0)
System memory in use before: 125.2 MB.
System memory in use after: 125.5 MB.

Unloading 12 unused Assets to reduce memory usage. Loaded Objects now: 3190.
Total: 3.180800 ms (FindLiveObjects: 0.254200 ms CreateObjectMapping: 0.073900 ms MarkObjects: 2.831000 ms  DeleteObjects: 0.020700 ms)

AssetImportParameters requested are different than current active one (requested -> active):
  custom:framework-win-MediaFoundation: 216162199b28c13a410421893ffa2e32 -> 
  custom:video-decoder-ogg-theora: a1e56fd34408186e4bbccfd4996cb3dc -> 
  custom:container-muxer-webm: aa71ff27fc2769a1b78a27578f13a17b -> 
  custom:container-demuxer-webm: 4f35f7cbe854078d1ac9338744f61a02 -> 
  custom:container-demuxer-ogg: 62fdf1f143b41e24485cea50d1cbac27 -> 
  custom:video-encoder-webm-vp8: eb34c28f22e8b96e1ab97ce403110664 -> 
  custom:video-decoder-webm-vp8: 9c59270c3fd7afecdb556c50c9e8de78 -> 
  custom:audio-decoder-ogg-vorbis: bf7c407c2cedff20999df2af8eb42d56 -> 
  custom:audio-encoder-webm-vorbis: bf7c407c2cedff20999df2af8eb42d56 -> 
========================================================================
Received Prepare
Registering precompiled user dll's ...
Registered in 0.002422 seconds.
Begin MonoManager ReloadAssembly
Native extension for WindowsStandalone target not found
Refreshing native plugins compatible for Editor in 0.57 ms, found 3 plugins.
Preloading 0 native plugins for Editor in 0.00 ms.
Mono: successfully reloaded assembly
- Completed reload, in  0.990 seconds
Domain Reload Profiling:
	ReloadAssembly (990ms)
		BeginReloadAssembly (120ms)
			ExecutionOrderSort (0ms)
			DisableScriptedObjects (6ms)
			BackupInstance (0ms)
			ReleaseScriptingObjects (0ms)
			CreateAndSetChildDomain (31ms)
		EndReloadAssembly (799ms)
			LoadAssemblies (105ms)
			RebuildTransferFunctionScriptingTraits (0ms)
			SetupTypeCache (254ms)
			ReleaseScriptCaches (1ms)
			RebuildScriptCaches (45ms)
			SetupLoadedEditorAssemblies (242ms)
				LogAssemblyErrors (0ms)
				InitializePlatformSupportModulesInManaged (4ms)
				SetLoadedEditorAssemblies (1ms)
				RefreshPlugins (1ms)
				BeforeProcessingInitializeOnLoad (97ms)
				ProcessInitializeOnLoadAttributes (126ms)
				ProcessInitializeOnLoadMethodAttributes (6ms)
				AfterProcessingInitializeOnLoad (8ms)
				EditorAssembliesLoaded (0ms)
			ExecutionOrderSort2 (0ms)
			AwakeInstancesAfterBackupRestoration (21ms)
Platform modules already initialized, skipping
Refreshing native plugins compatible for Editor in 0.57 ms, found 3 plugins.
Preloading 0 native plugins for Editor in 0.00 ms.
Unloading 2497 Unused Serialized files (Serialized files now loaded: 0)
System memory in use before: 125.3 MB.
System memory in use after: 125.5 MB.

Unloading 12 unused Assets to reduce memory usage. Loaded Objects now: 3193.
Total: 3.247300 ms (FindLiveObjects: 0.263600 ms CreateObjectMapping: 0.075900 ms MarkObjects: 2.885600 ms  DeleteObjects: 0.021100 ms)

AssetImportParameters requested are different than current active one (requested -> active):
  custom:framework-win-MediaFoundation: 216162199b28c13a410421893ffa2e32 -> 
  custom:video-decoder-ogg-theora: a1e56fd34408186e4bbccfd4996cb3dc -> 
  custom:container-muxer-webm: aa71ff27fc2769a1b78a27578f13a17b -> 
  custom:container-demuxer-webm: 4f35f7cbe854078d1ac9338744f61a02 -> 
  custom:container-demuxer-ogg: 62fdf1f143b41e24485cea50d1cbac27 -> 
  custom:video-encoder-webm-vp8: eb34c28f22e8b96e1ab97ce403110664 -> 
  custom:video-decoder-webm-vp8: 9c59270c3fd7afecdb556c50c9e8de78 -> 
  custom:audio-decoder-ogg-vorbis: bf7c407c2cedff20999df2af8eb42d56 -> 
  custom:audio-encoder-webm-vorbis: bf7c407c2cedff20999df2af8eb42d56 -> 
========================================================================
Received Import Request.
  Time since last request: 85.641942 seconds.
  path: Assets/Scripts/Level/Actors/EnemyController.cs
  artifactKey: Guid(fb4434ab956df1c429bf5fda26ccbdea) Importer(815301076,1909f56bfc062723c751e8b465ee728b)
Start importing Assets/Scripts/Level/Actors/EnemyController.cs using Guid(fb4434ab956df1c429bf5fda26ccbdea) Importer(815301076,1909f56bfc062723c751e8b465ee728b)  -> (artifact id: '65e537bedefe0d043738a33da957e12f') in 0.006627 seconds 
========================================================================
Received Prepare
Registering precompiled user dll's ...
Registered in 0.002436 seconds.
Begin MonoManager ReloadAssembly
Native extension for WindowsStandalone target not found
Refreshing native plugins compatible for Editor in 0.55 ms, found 3 plugins.
Preloading 0 native plugins for Editor in 0.00 ms.
Mono: successfully reloaded assembly
- Completed reload, in  0.974 seconds
Domain Reload Profiling:
	ReloadAssembly (974ms)
		BeginReloadAssembly (115ms)
			ExecutionOrderSort (0ms)
			DisableScriptedObjects (6ms)
			BackupInstance (0ms)
			ReleaseScriptingObjects (0ms)
			CreateAndSetChildDomain (26ms)
		EndReloadAssembly (787ms)
			LoadAssemblies (107ms)
			RebuildTransferFunctionScriptingTraits (0ms)
			SetupTypeCache (249ms)
			ReleaseScriptCaches (1ms)
			RebuildScriptCaches (43ms)
			SetupLoadedEditorAssemblies (240ms)
				LogAssemblyErrors (0ms)
				InitializePlatformSupportModulesInManaged (4ms)
				SetLoadedEditorAssemblies (1ms)
				RefreshPlugins (1ms)
				BeforeProcessingInitializeOnLoad (94ms)
				ProcessInitializeOnLoadAttributes (126ms)
				ProcessInitializeOnLoadMethodAttributes (6ms)
				AfterProcessingInitializeOnLoad (8ms)
				EditorAssembliesLoaded (0ms)
			ExecutionOrderSort2 (0ms)
			AwakeInstancesAfterBackupRestoration (21ms)
Platform modules already initialized, skipping
Refreshing native plugins compatible for Editor in 0.55 ms, found 3 plugins.
Preloading 0 native plugins for Editor in 0.00 ms.
Unloading 2497 Unused Serialized files (Serialized files now loaded: 0)
System memory in use before: 125.3 MB.
System memory in use after: 125.5 MB.

Unloading 12 unused Assets to reduce memory usage. Loaded Objects now: 3196.
Total: 3.561500 ms (FindLiveObjects: 0.288100 ms CreateObjectMapping: 0.075500 ms MarkObjects: 3.171700 ms  DeleteObjects: 0.025100 ms)

AssetImportParameters requested are different than current active one (requested -> active):
  custom:framework-win-MediaFoundation: 216162199b28c13a410421893ffa2e32 -> 
  custom:video-decoder-ogg-theora: a1e56fd34408186e4bbccfd4996cb3dc -> 
  custom:container-muxer-webm: aa71ff27fc2769a1b78a27578f13a17b -> 
  custom:container-demuxer-webm: 4f35f7cbe854078d1ac9338744f61a02 -> 
  custom:container-demuxer-ogg: 62fdf1f143b41e24485cea50d1cbac27 -> 
  custom:video-encoder-webm-vp8: eb34c28f22e8b96e1ab97ce403110664 -> 
  custom:video-decoder-webm-vp8: 9c59270c3fd7afecdb556c50c9e8de78 -> 
  custom:audio-decoder-ogg-vorbis: bf7c407c2cedff20999df2af8eb42d56 -> 
  custom:audio-encoder-webm-vorbis: bf7c407c2cedff20999df2af8eb42d56 -> 
========================================================================
Received Prepare
Registering precompiled user dll's ...
Registered in 0.002420 seconds.
Begin MonoManager ReloadAssembly
Native extension for WindowsStandalone target not found
Refreshing native plugins compatible for Editor in 0.55 ms, found 3 plugins.
Preloading 0 native plugins for Editor in 0.00 ms.
Mono: successfully reloaded assembly
- Completed reload, in  0.950 seconds
Domain Reload Profiling:
	ReloadAssembly (950ms)
		BeginReloadAssembly (114ms)
			ExecutionOrderSort (0ms)
			DisableScriptedObjects (6ms)
			BackupInstance (0ms)
			ReleaseScriptingObjects (0ms)
			CreateAndSetChildDomain (26ms)
		EndReloadAssembly (764ms)
			LoadAssemblies (106ms)
			RebuildTransferFunctionScriptingTraits (0ms)
			SetupTypeCache (245ms)
			ReleaseScriptCaches (1ms)
			RebuildScriptCaches (43ms)
			SetupLoadedEditorAssemblies (227ms)
				LogAssemblyErrors (0ms)
				InitializePlatformSupportModulesInManaged (4ms)
				SetLoadedEditorAssemblies (1ms)
				RefreshPlugins (1ms)
				BeforeProcessingInitializeOnLoad (90ms)
				ProcessInitializeOnLoadAttributes (119ms)
				ProcessInitializeOnLoadMethodAttributes (5ms)
				AfterProcessingInitializeOnLoad (8ms)
				EditorAssembliesLoaded (0ms)
			ExecutionOrderSort2 (0ms)
			AwakeInstancesAfterBackupRestoration (21ms)
Platform modules already initialized, skipping
Refreshing native plugins compatible for Editor in 0.54 ms, found 3 plugins.
Preloading 0 native plugins for Editor in 0.00 ms.
Unloading 2497 Unused Serialized files (Serialized files now loaded: 0)
System memory in use before: 125.3 MB.
System memory in use after: 125.6 MB.

Unloading 12 unused Assets to reduce memory usage. Loaded Objects now: 3199.
Total: 3.584300 ms (FindLiveObjects: 0.261800 ms CreateObjectMapping: 0.074200 ms MarkObjects: 3.221300 ms  DeleteObjects: 0.026000 ms)

AssetImportParameters requested are different than current active one (requested -> active):
  custom:framework-win-MediaFoundation: 216162199b28c13a410421893ffa2e32 -> 
  custom:video-decoder-ogg-theora: a1e56fd34408186e4bbccfd4996cb3dc -> 
  custom:container-muxer-webm: aa71ff27fc2769a1b78a27578f13a17b -> 
  custom:container-demuxer-webm: 4f35f7cbe854078d1ac9338744f61a02 -> 
  custom:container-demuxer-ogg: 62fdf1f143b41e24485cea50d1cbac27 -> 
  custom:video-encoder-webm-vp8: eb34c28f22e8b96e1ab97ce403110664 -> 
  custom:video-decoder-webm-vp8: 9c59270c3fd7afecdb556c50c9e8de78 -> 
  custom:audio-decoder-ogg-vorbis: bf7c407c2cedff20999df2af8eb42d56 -> 
  custom:audio-encoder-webm-vorbis: bf7c407c2cedff20999df2af8eb42d56 -> 
AssetImportWorkerClient::OnTransportError - code=2 error=End of file
